[33m[NOTE](B[m Installing hyprland ...
Sync Explicit (1): hyprland-0.33.1-2
Sync Explicit (1): hyprland-0.33.1-2
resolving dependencies...
resolving dependencies...
looking for conflicting packages...
looking for conflicting packages...

Package (7)                     New Version  Net Change  Download Size

extra/libliftoff                0.4.1-1        0.04 MiB       0.02 MiB
extra/seatd                     0.8.0-1        0.11 MiB       0.04 MiB
extra/vulkan-validation-layers  1.3.268.0-1  543.60 MiB     132.72 MiB
extra/wayland-protocols         1.32-1         0.52 MiB       0.08 MiB
extra/xcb-util-errors           1.0.1-1        0.05 MiB       0.01 MiB
extra/xorg-xinput               1.6.4-1        0.07 MiB       0.03 MiB
extra/hyprland                  0.33.1-2      12.35 MiB       7.76 MiB

Total Download Size:   140.65 MiB
Total Installed Size:  556.73 MiB

:: Proceed with installation? [Y/n] 
:: Retrieving packages...

Package (7)                     New Version  Net Change  Download Size

extra/libliftoff                0.4.1-1        0.04 MiB       0.02 MiB
extra/seatd                     0.8.0-1        0.11 MiB       0.04 MiB
extra/vulkan-validation-layers  1.3.268.0-1  543.60 MiB     132.72 MiB
extra/wayland-protocols         1.32-1         0.52 MiB       0.08 MiB
extra/xcb-util-errors           1.0.1-1        0.05 MiB       0.01 MiB
extra/xorg-xinput               1.6.4-1        0.07 MiB       0.03 MiB
extra/hyprland                  0.33.1-2      12.35 MiB       7.76 MiB

Total Download Size:   140.65 MiB
Total Installed Size:  556.73 MiB

:: Proceed with installation? [Y/n] 
:: Retrieving packages...
 vulkan-validation-layers-1.3.268.0-1-x86_64 downloading...
 hyprland-0.33.1-2-x86_64 downloading...
 wayland-protocols-1.32-1-any downloading...
 seatd-0.8.0-1-x86_64 downloading...
 xorg-xinput-1.6.4-1-x86_64 downloading...
 libliftoff-0.4.1-1-x86_64 downloading...
 xcb-util-errors-1.0.1-1-x86_64 downloading...
checking keyring...
 vulkan-validation-layers-1.3.268.0-1-x86_64 downloading...
 hyprland-0.33.1-2-x86_64 downloading...
 wayland-protocols-1.32-1-any downloading...
 seatd-0.8.0-1-x86_64 downloading...
 xorg-xinput-1.6.4-1-x86_64 downloading...
 libliftoff-0.4.1-1-x86_64 downloading...
 xcb-util-errors-1.0.1-1-x86_64 downloading...
checking keyring...
checking package integrity...
checking package integrity...
loading package files...
loading package files...
checking for file conflicts...
checking for file conflicts...
:: Processing package changes...
installing libliftoff...
:: Processing package changes...
installing libliftoff...
installing seatd...
installing seatd...
installing vulkan-validation-layers...
installing vulkan-validation-layers...
installing wayland-protocols...
installing wayland-protocols...
installing xcb-util-errors...
installing xcb-util-errors...
installing xorg-xinput...
installing xorg-xinput...
installing hyprland...
installing hyprland...
:: Running post-transaction hooks...
(1/3) Creating system user accounts...
:: Running post-transaction hooks...
(1/3) Creating system user accounts...
Creating group 'seat' with GID 959.
Creating group 'seat' with GID 959.
(2/3) Reloading system manager configuration...
(2/3) Reloading system manager configuration...
(3/3) Arming ConditionNeedsUpdate...
(3/3) Arming ConditionNeedsUpdate...
[1A[K[32m[OK](B[m hyprland was installed.
[32m[OK](B[m linux-headers is already installed. Skipping...
[33m[NOTE](B[m Installing nvidia-dkms ...
Sync Explicit (1): nvidia-dkms-545.29.06-1
Sync Explicit (1): nvidia-dkms-545.29.06-1
resolving dependencies...
resolving dependencies...
looking for conflicting packages...
looking for conflicting packages...
:: nvidia-dkms and nvidia-open-dkms are in conflict (NVIDIA-MODULE). Remove nvidia-open-dkms? [y/N] error: unresolvable package conflicts detected
error: failed to prepare transaction (conflicting dependencies)

:: nvidia-dkms and nvidia-open-dkms are in conflict
:: nvidia-dkms and nvidia-open-dkms are in conflict (NVIDIA-MODULE). Remove nvidia-open-dkms? [y/N] error: unresolvable package conflicts detected
error: failed to prepare transaction (conflicting dependencies)

:: nvidia-dkms and nvidia-open-dkms are in conflict
 -> error installing repo packages
 -> error installing repo packages
[1A[K[31m[ERROR](B[m nvidia-dkms failed to install :( , please check the install.log. You may need to install manually! Sorry, I have tried :(
[33m[NOTE](B[m Installing nvidia-settings ...
Sync Explicit (1): nvidia-settings-545.29.06-1
Sync Explicit (1): nvidia-settings-545.29.06-1
resolving dependencies...
resolving dependencies...
looking for conflicting packages...
looking for conflicting packages...

Package (2)            New Version  Net Change  Download Size

extra/libxnvctrl       545.29.06-1    0.45 MiB       0.07 MiB
extra/nvidia-settings  545.29.06-1    1.56 MiB       0.75 MiB

Total Download Size:   0.82 MiB
Total Installed Size:  2.00 MiB

:: Proceed with installation? [Y/n] 
:: Retrieving packages...

Package (2)            New Version  Net Change  Download Size

extra/libxnvctrl       545.29.06-1    0.45 MiB       0.07 MiB
extra/nvidia-settings  545.29.06-1    1.56 MiB       0.75 MiB

Total Download Size:   0.82 MiB
Total Installed Size:  2.00 MiB

:: Proceed with installation? [Y/n] 
:: Retrieving packages...
 nvidia-settings-545.29.06-1-x86_64 downloading...
 libxnvctrl-545.29.06-1-x86_64 downloading...
checking keyring...
 nvidia-settings-545.29.06-1-x86_64 downloading...
 libxnvctrl-545.29.06-1-x86_64 downloading...
checking keyring...
checking package integrity...
checking package integrity...
loading package files...
loading package files...
checking for file conflicts...
checking for file conflicts...
:: Processing package changes...
installing libxnvctrl...
:: Processing package changes...
installing libxnvctrl...
installing nvidia-settings...
installing nvidia-settings...
:: Running post-transaction hooks...
(1/2) Arming ConditionNeedsUpdate...
:: Running post-transaction hooks...
(1/2) Arming ConditionNeedsUpdate...
(2/2) Updating the desktop file MIME type cache...
(2/2) Updating the desktop file MIME type cache...
[1A[K[32m[OK](B[m nvidia-settings was installed.
[32m[OK](B[m nvidia-utils is already installed. Skipping...
[32m[OK](B[m libva is already installed. Skipping...
[33m[NOTE](B[m Installing libva-nvidia-driver-git ...
AUR Explicit (1): libva-nvidia-driver-git-0.0.11.r1.gea6d862-1
Sync Make Dependency (2): ffnvcodec-headers-12.1.14.0-1, meson-1.3.0-1
AUR Explicit (1): libva-nvidia-driver-git-0.0.11.r1.gea6d862-1
Sync Make Dependency (2): ffnvcodec-headers-12.1.14.0-1, meson-1.3.0-1
:: [1m(1/1) Downloaded PKGBUILD: libva-nvidia-driver-git[0m
:: [1m(1/1) Downloaded PKGBUILD: libva-nvidia-driver-git[0m
  1 libva-nvidia-driver-git                  (Build Files Exist)
==> Packages to cleanBuild?
==> [N]one [A]ll [Ab]ort [I]nstalled [No]tInstalled or (1 2 3, 1-3, ^4)
==> 
  1 libva-nvidia-driver-git                  (Build Files Exist)
==> Diffs to show?
==> [N]one [A]ll [Ab]ort [I]nstalled [No]tInstalled or (1 2 3, 1-3, ^4)
==> 
  1 libva-nvidia-driver-git                  (Build Files Exist)
==> Packages to cleanBuild?
==> [N]one [A]ll [Ab]ort [I]nstalled [No]tInstalled or (1 2 3, 1-3, ^4)
==> 
  1 libva-nvidia-driver-git                  (Build Files Exist)
==> Diffs to show?
==> [N]one [A]ll [Ab]ort [I]nstalled [No]tInstalled or (1 2 3, 1-3, ^4)
==> 
==> Making package: libva-nvidia-driver-git 0.0.11.r1.gea6d862-1 (Sun 17 Dec 2023 04:54:14 PM -03)
==> Making package: libva-nvidia-driver-git 0.0.11.r1.gea6d862-1 (Sun 17 Dec 2023 04:54:14 PM -03)
==> Retrieving sources...
==> Retrieving sources...
  -> Cloning libva-nvidia-driver-git git repo...
  -> Cloning libva-nvidia-driver-git git repo...
Cloning into bare repository '/home/excyber/.cache/yay/libva-nvidia-driver-git/libva-nvidia-driver-git'...
Cloning into bare repository '/home/excyber/.cache/yay/libva-nvidia-driver-git/libva-nvidia-driver-git'...
==> WARNING: Skipping verification of source file PGP signatures.
==> WARNING: Skipping verification of source file PGP signatures.
==> Validating source files with sha256sums...
==> Validating source files with sha256sums...
    libva-nvidia-driver-git ...     libva-nvidia-driver-git ... Skipped
Skipped
:: [1m(1/1) Parsing SRCINFO: libva-nvidia-driver-git[0m
:: [1m(1/1) Parsing SRCINFO: libva-nvidia-driver-git[0m
resolving dependencies...
resolving dependencies...
looking for conflicting packages...
looking for conflicting packages...

Package (4)              New Version  Net Change  Download Size

extra/ninja              1.11.1-3       0.35 MiB       0.14 MiB
extra/python-tqdm        4.66.1-2       0.65 MiB       0.13 MiB
extra/ffnvcodec-headers  12.1.14.0-1    0.41 MiB       0.07 MiB
extra/meson              1.3.0-1       13.36 MiB       2.04 MiB

Total Download Size:    2.37 MiB
Total Installed Size:  14.77 MiB

:: Proceed with installation? [Y/n] 
:: Retrieving packages...

Package (4)              New Version  Net Change  Download Size

extra/ninja              1.11.1-3       0.35 MiB       0.14 MiB
extra/python-tqdm        4.66.1-2       0.65 MiB       0.13 MiB
extra/ffnvcodec-headers  12.1.14.0-1    0.41 MiB       0.07 MiB
extra/meson              1.3.0-1       13.36 MiB       2.04 MiB

Total Download Size:    2.37 MiB
Total Installed Size:  14.77 MiB

:: Proceed with installation? [Y/n] 
:: Retrieving packages...
 meson-1.3.0-1-any downloading...
 ninja-1.11.1-3-x86_64 downloading...
 python-tqdm-4.66.1-2-any downloading...
 ffnvcodec-headers-12.1.14.0-1-any downloading...
checking keyring...
 meson-1.3.0-1-any downloading...
 ninja-1.11.1-3-x86_64 downloading...
 python-tqdm-4.66.1-2-any downloading...
 ffnvcodec-headers-12.1.14.0-1-any downloading...
checking keyring...
checking package integrity...
checking package integrity...
loading package files...
loading package files...
checking for file conflicts...
checking for file conflicts...
:: Processing package changes...
installing ffnvcodec-headers...
:: Processing package changes...
installing ffnvcodec-headers...
installing ninja...
installing ninja...
installing python-tqdm...
installing python-tqdm...
Optional dependencies for python-tqdm
    python-requests: telegram
installing meson...
Optional dependencies for python-tqdm
    python-requests: telegram
installing meson...
:: Running post-transaction hooks...
(1/1) Arming ConditionNeedsUpdate...
:: Running post-transaction hooks...
(1/1) Arming ConditionNeedsUpdate...
==> Making package: libva-nvidia-driver-git 0.0.11.r1.gea6d862-1 (Sun 17 Dec 2023 04:54:20 PM -03)
==> Making package: libva-nvidia-driver-git 0.0.11.r1.gea6d862-1 (Sun 17 Dec 2023 04:54:20 PM -03)
==> Checking runtime dependencies...
==> Checking runtime dependencies...
==> Checking buildtime dependencies...
==> Checking buildtime dependencies...
==> Retrieving sources...
==> Retrieving sources...
  -> Updating libva-nvidia-driver-git git repo...
  -> Updating libva-nvidia-driver-git git repo...
==> Validating source files with sha256sums...
==> Validating source files with sha256sums...
    libva-nvidia-driver-git ...     libva-nvidia-driver-git ... Skipped
Skipped
==> Removing existing $srcdir/ directory...
==> Removing existing $srcdir/ directory...
==> Extracting sources...
==> Extracting sources...
  -> Creating working copy of libva-nvidia-driver-git git repo...
  -> Creating working copy of libva-nvidia-driver-git git repo...
Cloning into 'libva-nvidia-driver-git'...
Cloning into 'libva-nvidia-driver-git'...
done.
done.
==> Starting pkgver()...
==> Starting pkgver()...
==> Updated version: libva-nvidia-driver-git 0.0.11.r9.gc56a1c4-1
==> Updated version: libva-nvidia-driver-git 0.0.11.r9.gc56a1c4-1
==> Sources are ready.
==> Sources are ready.
==> Making package: libva-nvidia-driver-git 0.0.11.r9.gc56a1c4-1 (Sun 17 Dec 2023 04:54:24 PM -03)
==> Making package: libva-nvidia-driver-git 0.0.11.r9.gc56a1c4-1 (Sun 17 Dec 2023 04:54:24 PM -03)
==> Checking runtime dependencies...
==> Checking runtime dependencies...
==> Checking buildtime dependencies...
==> Checking buildtime dependencies...
==> WARNING: Using existing $srcdir/ tree
==> WARNING: Using existing $srcdir/ tree
==> Starting pkgver()...
==> Starting pkgver()...
==> Starting build()...
==> Starting build()...
+ exec meson setup --prefix /usr --libexecdir lib --sbindir bin --buildtype plain --auto-features enabled --wrap-mode nodownload -D b_lto=true -D b_pie=true -D python.bytecompile=1 . build
+ exec meson setup --prefix /usr --libexecdir lib --sbindir bin --buildtype plain --auto-features enabled --wrap-mode nodownload -D b_lto=true -D b_pie=true -D python.bytecompile=1 . build
The Meson build system
Version: 1.3.0
Source dir: /home/excyber/.cache/yay/libva-nvidia-driver-git/src/libva-nvidia-driver-git
Build dir: /home/excyber/.cache/yay/libva-nvidia-driver-git/src/libva-nvidia-driver-git/build
Build type: native build
Project name: nvidia-vaapi-driver
Project version: 0.1
C compiler for the host machine: cc (gcc 13.2.1 "cc (GCC) 13.2.1 20230801")
C linker for the host machine: cc ld.bfd 2.41.0
Host machine cpu family: x86_64
Host machine cpu: x86_64
Library m found: YES
Library dl found: YES
Found pkg-config: YES (/bin/pkg-config) 2.1.0
Run-time dependency egl found: YES 1.5
Run-time dependency ffnvcodec found: YES 12.1.14.0
Run-time dependency libdrm found: YES 2.4.118
Run-time dependency threads found: YES
Run-time dependency libva found: YES 1.20.0
Run-time dependency gstreamer-codecparsers-1.0 found: YES 1.22.7
Compiler for C supports arguments -Wno-missing-field-initializers: YES 
Compiler for C supports arguments -Wno-unused-parameter: YES 
Compiler for C supports arguments -Werror=format: YES 
Compiler for C supports arguments -Werror=format-security: YES 
Compiler for C supports arguments -Werror=incompatible-pointer-types: YES 
Compiler for C supports arguments -Werror=init-self: YES 
Compiler for C supports arguments -Werror=int-conversion: YES 
Compiler for C supports arguments -Werror=missing-declarations: YES 
Compiler for C supports arguments -Werror=missing-prototypes: YES 
Compiler for C supports arguments -Werror=pointer-arith: YES 
Compiler for C supports arguments -Werror=undef: YES 
Compiler for C supports arguments -Werror=vla: YES 
Compiler for C supports arguments -Wsuggest-attribute=format: YES 
Compiler for C supports arguments -Wwrite-strings: YES 
Build targets in project: 1

nvidia-vaapi-driver 0.1

  User defined options
    auto_features     : enabled
    buildtype         : plain
    libexecdir        : lib
    prefix            : /usr
    sbindir           : bin
    wrap_mode         : nodownload
    python.bytecompile: 1
    b_lto             : true
    b_pie             : true

Found ninja-1.11.1 at /bin/ninja
The Meson build system
Version: 1.3.0
Source dir: /home/excyber/.cache/yay/libva-nvidia-driver-git/src/libva-nvidia-driver-git
Build dir: /home/excyber/.cache/yay/libva-nvidia-driver-git/src/libva-nvidia-driver-git/build
Build type: native build
Project name: nvidia-vaapi-driver
Project version: 0.1
C compiler for the host machine: cc (gcc 13.2.1 "cc (GCC) 13.2.1 20230801")
C linker for the host machine: cc ld.bfd 2.41.0
Host machine cpu family: x86_64
Host machine cpu: x86_64
Library m found: YES
Library dl found: YES
Found pkg-config: YES (/bin/pkg-config) 2.1.0
Run-time dependency egl found: YES 1.5
Run-time dependency ffnvcodec found: YES 12.1.14.0
Run-time dependency libdrm found: YES 2.4.118
Run-time dependency threads found: YES
Run-time dependency libva found: YES 1.20.0
Run-time dependency gstreamer-codecparsers-1.0 found: YES 1.22.7
Compiler for C supports arguments -Wno-missing-field-initializers: YES 
Compiler for C supports arguments -Wno-unused-parameter: YES 
Compiler for C supports arguments -Werror=format: YES 
Compiler for C supports arguments -Werror=format-security: YES 
Compiler for C supports arguments -Werror=incompatible-pointer-types: YES 
Compiler for C supports arguments -Werror=init-self: YES 
Compiler for C supports arguments -Werror=int-conversion: YES 
Compiler for C supports arguments -Werror=missing-declarations: YES 
Compiler for C supports arguments -Werror=missing-prototypes: YES 
Compiler for C supports arguments -Werror=pointer-arith: YES 
Compiler for C supports arguments -Werror=undef: YES 
Compiler for C supports arguments -Werror=vla: YES 
Compiler for C supports arguments -Wsuggest-attribute=format: YES 
Compiler for C supports arguments -Wwrite-strings: YES 
Build targets in project: 1

nvidia-vaapi-driver 0.1

  User defined options
    auto_features     : enabled
    buildtype         : plain
    libexecdir        : lib
    prefix            : /usr
    sbindir           : bin
    wrap_mode         : nodownload
    python.bytecompile: 1
    b_lto             : true
    b_pie             : true

Found ninja-1.11.1 at /bin/ninja
Generating targets:   0%|          | 0/1 eta ?Generating targets:   0%|          | 0/1 eta ?                                                                                            Writing build.ninja:   0%|          | 0/43 eta ?                                                Writing build.ninja:   0%|          | 0/43 eta ?                                                ninja: Entering directory `/home/excyber/.cache/yay/libva-nvidia-driver-git/src/libva-nvidia-driver-git/build'
ninja: Entering directory `/home/excyber/.cache/yay/libva-nvidia-driver-git/src/libva-nvidia-driver-git/build'
[1/16] Compiling C object nvidia_drv_video.so.p/src_list.c.o
[1/16] Compiling C object nvidia_drv_video.so.p/src_list.c.o
[2/16] Compiling C object nvidia_drv_video.so.p/src_backend-common.c.o
[2/16] Compiling C object nvidia_drv_video.so.p/src_backend-common.c.o
[3/16] Compiling C object nvidia_drv_video.so.p/src_jpeg.c.o
[3/16] Compiling C object nvidia_drv_video.so.p/src_jpeg.c.o
[4/16] Compiling C object nvidia_drv_video.so.p/src_vp8.c.o
[4/16] Compiling C object nvidia_drv_video.so.p/src_vp8.c.o
[5/16] Compiling C object nvidia_drv_video.so.p/src_h264.c.o
[5/16] Compiling C object nvidia_drv_video.so.p/src_h264.c.o
[6/16] Compiling C object nvidia_drv_video.so.p/src_vc1.c.o
[6/16] Compiling C object nvidia_drv_video.so.p/src_vc1.c.o
[7/16] Compiling C object nvidia_drv_video.so.p/src_mpeg2.c.o
[7/16] Compiling C object nvidia_drv_video.so.p/src_mpeg2.c.o
[8/16] Compiling C object nvidia_drv_video.so.p/src_mpeg4.c.o
[8/16] Compiling C object nvidia_drv_video.so.p/src_mpeg4.c.o
[9/16] Compiling C object nvidia_drv_video.so.p/src_direct_nv-driver.c.o
[9/16] Compiling C object nvidia_drv_video.so.p/src_direct_nv-driver.c.o
[10/16] Compiling C object nvidia_drv_video.so.p/src_hevc.c.o
[10/16] Compiling C object nvidia_drv_video.so.p/src_hevc.c.o
[11/16] Compiling C object nvidia_drv_video.so.p/src_av1.c.o
[11/16] Compiling C object nvidia_drv_video.so.p/src_av1.c.o
[12/16] Compiling C object nvidia_drv_video.so.p/src_direct_direct-export-buf.c.o
[12/16] Compiling C object nvidia_drv_video.so.p/src_direct_direct-export-buf.c.o
[13/16] Compiling C object nvidia_drv_video.so.p/src_export-buf.c.o
[13/16] Compiling C object nvidia_drv_video.so.p/src_export-buf.c.o
[14/16] Compiling C object nvidia_drv_video.so.p/src_vabackend.c.o
[14/16] Compiling C object nvidia_drv_video.so.p/src_vabackend.c.o
[15/16] Compiling C object nvidia_drv_video.so.p/src_vp9.c.o
[15/16] Compiling C object nvidia_drv_video.so.p/src_vp9.c.o
[16/16] Linking target nvidia_drv_video.so
[16/16] Linking target nvidia_drv_video.so
INFO: autodetecting backend as ninja
INFO: calculating backend command to run: /bin/ninja -C /home/excyber/.cache/yay/libva-nvidia-driver-git/src/libva-nvidia-driver-git/build
INFO: autodetecting backend as ninja
INFO: calculating backend command to run: /bin/ninja -C /home/excyber/.cache/yay/libva-nvidia-driver-git/src/libva-nvidia-driver-git/build
==> Entering fakeroot environment...
==> Entering fakeroot environment...
==> Starting package()...
==> Starting package()...
ninja: Entering directory `/home/excyber/.cache/yay/libva-nvidia-driver-git/src/libva-nvidia-driver-git/build'
ninja: Entering directory `/home/excyber/.cache/yay/libva-nvidia-driver-git/src/libva-nvidia-driver-git/build'
ninja: no work to do.
ninja: no work to do.
Installing nvidia_drv_video.so to /home/excyber/.cache/yay/libva-nvidia-driver-git/pkg/libva-nvidia-driver-git/usr/lib/dri
Installing nvidia_drv_video.so to /home/excyber/.cache/yay/libva-nvidia-driver-git/pkg/libva-nvidia-driver-git/usr/lib/dri
==> Tidying install...
==> Tidying install...
  -> Removing libtool files...
  -> Removing libtool files...
  -> Purging unwanted files...
  -> Purging unwanted files...
  -> Removing static library files...
  -> Removing static library files...
  -> Stripping unneeded symbols from binaries and libraries...
  -> Stripping unneeded symbols from binaries and libraries...
  -> Compressing man and info pages...
  -> Compressing man and info pages...
==> Checking for packaging issues...
==> Checking for packaging issues...
==> Creating package "libva-nvidia-driver-git"...
==> Creating package "libva-nvidia-driver-git"...
  -> Generating .PKGINFO file...
  -> Generating .PKGINFO file...
  -> Generating .BUILDINFO file...
  -> Generating .BUILDINFO file...
  -> Generating .MTREE file...
  -> Generating .MTREE file...
  -> Compressing package...
  -> Compressing package...
==> Leaving fakeroot environment.
==> Leaving fakeroot environment.
==> Finished making: libva-nvidia-driver-git 0.0.11.r9.gc56a1c4-1 (Sun 17 Dec 2023 04:54:34 PM -03)
==> Finished making: libva-nvidia-driver-git 0.0.11.r9.gc56a1c4-1 (Sun 17 Dec 2023 04:54:34 PM -03)
==> Cleaning up...
==> Cleaning up...
loading packages...
resolving dependencies...
loading packages...
resolving dependencies...
looking for conflicting packages...
looking for conflicting packages...

Package (1)              New Version           Net Change

libva-nvidia-driver-git  0.0.11.r9.gc56a1c4-1    0.09 MiB

Total Installed Size:  0.09 MiB

:: Proceed with installation? [Y/n] 
checking keyring...
checking package integrity...
loading package files...
checking for file conflicts...

Package (1)              New Version           Net Change

libva-nvidia-driver-git  0.0.11.r9.gc56a1c4-1    0.09 MiB

Total Installed Size:  0.09 MiB

:: Proceed with installation? [Y/n] 
checking keyring...
checking package integrity...
loading package files...
checking for file conflicts...
:: Processing package changes...
installing libva-nvidia-driver-git...
:: Processing package changes...
installing libva-nvidia-driver-git...
:: Running post-transaction hooks...
(1/1) Arming ConditionNeedsUpdate...
:: Running post-transaction hooks...
(1/1) Arming ConditionNeedsUpdate...
[1A[K[32m[OK](B[m libva-nvidia-driver-git was installed.
[33m[NOTE](B[m Installing linux-zen-headers ...
Sync Explicit (1): linux-zen-headers-6.6.7.zen1-1
Sync Explicit (1): linux-zen-headers-6.6.7.zen1-1
resolving dependencies...
resolving dependencies...
looking for conflicting packages...
looking for conflicting packages...

Package (1)              New Version   Net Change  Download Size

extra/linux-zen-headers  6.6.7.zen1-1  127.89 MiB      25.64 MiB

Total Download Size:    25.64 MiB
Total Installed Size:  127.89 MiB

:: Proceed with installation? [Y/n] 
:: Retrieving packages...

Package (1)              New Version   Net Change  Download Size

extra/linux-zen-headers  6.6.7.zen1-1  127.89 MiB      25.64 MiB

Total Download Size:    25.64 MiB
Total Installed Size:  127.89 MiB

:: Proceed with installation? [Y/n] 
:: Retrieving packages...
 linux-zen-headers-6.6.7.zen1-1-x86_64 downloading...
checking keyring...
 linux-zen-headers-6.6.7.zen1-1-x86_64 downloading...
checking keyring...
checking package integrity...
checking package integrity...
loading package files...
loading package files...
checking for file conflicts...
checking for file conflicts...
:: Processing package changes...
installing linux-zen-headers...
:: Processing package changes...
installing linux-zen-headers...
:: Running post-transaction hooks...
:: Running post-transaction hooks...
(1/3) Arming ConditionNeedsUpdate...
(1/3) Arming ConditionNeedsUpdate...
(2/3) Updating module dependencies...
(2/3) Updating module dependencies...
(3/3) Install DKMS modules
(3/3) Install DKMS modules
==> dkms install --no-depmod nvidia/545.29.06 -k 6.6.7-zen1-1-zen
==> dkms install --no-depmod nvidia/545.29.06 -k 6.6.7-zen1-1-zen
==> depmod 6.6.7-zen1-1-zen
==> depmod 6.6.7-zen1-1-zen
[1A[K[32m[OK](B[m linux-zen-headers was installed.
[33m[NOTE](B[m Installing nvidia-dkms ...
Sync Explicit (1): nvidia-dkms-545.29.06-1
Sync Explicit (1): nvidia-dkms-545.29.06-1
resolving dependencies...
resolving dependencies...
looking for conflicting packages...
looking for conflicting packages...
:: nvidia-dkms and nvidia-open-dkms are in conflict (NVIDIA-MODULE). Remove nvidia-open-dkms? [y/N] error: unresolvable package conflicts detected
error: failed to prepare transaction (conflicting dependencies)

:: nvidia-dkms and nvidia-open-dkms are in conflict
:: nvidia-dkms and nvidia-open-dkms are in conflict (NVIDIA-MODULE). Remove nvidia-open-dkms? [y/N] error: unresolvable package conflicts detected
error: failed to prepare transaction (conflicting dependencies)

:: nvidia-dkms and nvidia-open-dkms are in conflict
 -> error installing repo packages
 -> error installing repo packages
[1A[K[31m[ERROR](B[m nvidia-dkms failed to install :( , please check the install.log. You may need to install manually! Sorry, I have tried :(
[32m[OK](B[m nvidia-settings is already installed. Skipping...
[32m[OK](B[m nvidia-utils is already installed. Skipping...
[32m[OK](B[m libva is already installed. Skipping...
[32m[OK](B[m libva-nvidia-driver-git is already installed. Skipping...
==> Building image from preset: /etc/mkinitcpio.d/linux.preset: 'default'
==> Using default configuration file: '/etc/mkinitcpio.conf'
  -> -k /boot/vmlinuz-linux -g /boot/initramfs-linux.img --microcode /boot/amd-ucode.img
==> Starting build: '6.6.7-arch1-1'
  -> Running build hook: [base]
  -> Running build hook: [udev]
  -> Running build hook: [autodetect]
  -> Running build hook: [keyboard]
==> WARNING: Possibly missing firmware for module: 'xhci_pci'
  -> Running build hook: [keymap]
  -> Running build hook: [modconf]
  -> Running build hook: [block]
  -> Running build hook: [filesystems]
  -> Running build hook: [fsck]
==> Generating module dependencies
==> Creating zstd-compressed initcpio image: '/boot/initramfs-linux.img'
==> Image generation successful
==> Building image from preset: /etc/mkinitcpio.d/linux.preset: 'fallback'
==> Using default configuration file: '/etc/mkinitcpio.conf'
  -> -k /boot/vmlinuz-linux -g /boot/initramfs-linux-fallback.img -S autodetect --microcode /boot/amd-ucode.img
==> Starting build: '6.6.7-arch1-1'
  -> Running build hook: [base]
  -> Running build hook: [udev]
  -> Running build hook: [keyboard]
==> WARNING: Possibly missing firmware for module: 'xhci_pci'
  -> Running build hook: [keymap]
  -> Running build hook: [modconf]
  -> Running build hook: [block]
==> WARNING: Possibly missing firmware for module: 'qed'
==> WARNING: Possibly missing firmware for module: 'bfa'
==> WARNING: Possibly missing firmware for module: 'wd719x'
==> WARNING: Possibly missing firmware for module: 'qla2xxx'
==> WARNING: Possibly missing firmware for module: 'qla1280'
==> WARNING: Possibly missing firmware for module: 'aic94xx'
  -> Running build hook: [filesystems]
  -> Running build hook: [fsck]
==> Generating module dependencies
==> Creating zstd-compressed initcpio image: '/boot/initramfs-linux-fallback.img'
==> Image generation successful
==> Building image from preset: /etc/mkinitcpio.d/linux-zen.preset: 'default'
==> Using default configuration file: '/etc/mkinitcpio.conf'
  -> -k /boot/vmlinuz-linux-zen -g /boot/initramfs-linux-zen.img --microcode /boot/amd-ucode.img
==> Starting build: '6.6.7-zen1-1-zen'
  -> Running build hook: [base]
  -> Running build hook: [udev]
  -> Running build hook: [autodetect]
  -> Running build hook: [keyboard]
==> WARNING: Possibly missing firmware for module: 'xhci_pci'
  -> Running build hook: [keymap]
  -> Running build hook: [modconf]
  -> Running build hook: [block]
  -> Running build hook: [filesystems]
  -> Running build hook: [fsck]
==> Generating module dependencies
==> Creating zstd-compressed initcpio image: '/boot/initramfs-linux-zen.img'
==> Image generation successful
==> Building image from preset: /etc/mkinitcpio.d/linux-zen.preset: 'fallback'
==> Using default configuration file: '/etc/mkinitcpio.conf'
  -> -k /boot/vmlinuz-linux-zen -g /boot/initramfs-linux-zen-fallback.img -S autodetect --microcode /boot/amd-ucode.img
==> Starting build: '6.6.7-zen1-1-zen'
  -> Running build hook: [base]
  -> Running build hook: [udev]
  -> Running build hook: [keyboard]
==> WARNING: Possibly missing firmware for module: 'xhci_pci'
  -> Running build hook: [keymap]
  -> Running build hook: [modconf]
  -> Running build hook: [block]
==> WARNING: Possibly missing firmware for module: 'qed'
==> WARNING: Possibly missing firmware for module: 'bfa'
==> WARNING: Possibly missing firmware for module: 'wd719x'
==> WARNING: Possibly missing firmware for module: 'qla2xxx'
==> WARNING: Possibly missing firmware for module: 'qla1280'
==> WARNING: Possibly missing firmware for module: 'aic94xx'
  -> Running build hook: [filesystems]
  -> Running build hook: [fsck]
==> Generating module dependencies
==> Creating zstd-compressed initcpio image: '/boot/initramfs-linux-zen-fallback.img'
==> Image generation successful
options nvidia-drm modeset=1
blacklist nouveau
install nouveau /bin/true
