1691372856.825329 client started (209959): version 3.3a, socket /run/user/1000/tmux-1000/default, protocol 8
1691372856.825353 on Linux 5.15.90.1-microsoft-standard-WSL2 #1 SMP Fri Jan 27 02:56:13 UTC 2023
1691372856.825357 using libevent 2.1.12-stable (poll); ncurses 6.4
1691372856.825368 flags are 0x10010000
1691372856.825371 socket is /run/user/1000/tmux-1000/default
1691372856.825380 trying connect
1691372856.825442 add peer 0x55e0cbb908b0: 6 ((nil))
1691372856.825737 sending message 100 to peer 0x55e0cbb908b0 (4 bytes)
1691372856.825770 sending message 111 to peer 0x55e0cbb908b0 (8 bytes)
1691372856.825777 sending message 101 to peer 0x55e0cbb908b0 (15 bytes)
1691372856.825780 sending message 109 to peer 0x55e0cbb908b0 (4 bytes)
1691372856.825783 sending message 102 to peer 0x55e0cbb908b0 (12 bytes)
1691372856.825786 sending message 108 to peer 0x55e0cbb908b0 (28 bytes)
1691372856.825789 sending message 112 to peer 0x55e0cbb908b0 (58 bytes)
1691372856.825792 sending message 112 to peer 0x55e0cbb908b0 (5 bytes)
1691372856.825796 sending message 112 to peer 0x55e0cbb908b0 (5 bytes)
1691372856.825799 sending message 112 to peer 0x55e0cbb908b0 (6 bytes)
1691372856.825802 sending message 112 to peer 0x55e0cbb908b0 (6 bytes)
1691372856.825805 sending message 112 to peer 0x55e0cbb908b0 (11 bytes)
1691372856.825808 sending message 112 to peer 0x55e0cbb908b0 (10 bytes)
1691372856.825811 sending message 112 to peer 0x55e0cbb908b0 (13 bytes)
1691372856.825814 sending message 112 to peer 0x55e0cbb908b0 (14 bytes)
1691372856.825817 sending message 112 to peer 0x55e0cbb908b0 (19 bytes)
1691372856.825819 sending message 112 to peer 0x55e0cbb908b0 (11 bytes)
1691372856.825822 sending message 112 to peer 0x55e0cbb908b0 (10 bytes)
1691372856.825825 sending message 112 to peer 0x55e0cbb908b0 (15 bytes)
1691372856.825828 sending message 112 to peer 0x55e0cbb908b0 (21 bytes)
1691372856.825831 sending message 112 to peer 0x55e0cbb908b0 (13 bytes)
1691372856.825834 sending message 112 to peer 0x55e0cbb908b0 (7 bytes)
1691372856.825838 sending message 112 to peer 0x55e0cbb908b0 (13 bytes)
1691372856.825840 sending message 112 to peer 0x55e0cbb908b0 (7 bytes)
1691372856.825843 sending message 112 to peer 0x55e0cbb908b0 (13 bytes)
1691372856.825846 sending message 112 to peer 0x55e0cbb908b0 (9 bytes)
1691372856.825849 sending message 112 to peer 0x55e0cbb908b0 (21 bytes)
1691372856.825852 sending message 112 to peer 0x55e0cbb908b0 (13 bytes)
1691372856.825855 sending message 112 to peer 0x55e0cbb908b0 (9 bytes)
1691372856.825858 sending message 112 to peer 0x55e0cbb908b0 (16 bytes)
1691372856.825861 sending message 112 to peer 0x55e0cbb908b0 (13 bytes)
1691372856.825864 sending message 112 to peer 0x55e0cbb908b0 (9 bytes)
1691372856.825867 sending message 112 to peer 0x55e0cbb908b0 (9 bytes)
1691372856.825870 sending message 112 to peer 0x55e0cbb908b0 (12 bytes)
1691372856.825873 sending message 112 to peer 0x55e0cbb908b0 (8 bytes)
1691372856.825876 sending message 112 to peer 0x55e0cbb908b0 (8 bytes)
1691372856.825879 sending message 112 to peer 0x55e0cbb908b0 (13 bytes)
1691372856.825882 sending message 112 to peer 0x55e0cbb908b0 (7 bytes)
1691372856.825885 sending message 112 to peer 0x55e0cbb908b0 (7 bytes)
1691372856.825888 sending message 112 to peer 0x55e0cbb908b0 (9 bytes)
1691372856.825891 sending message 112 to peer 0x55e0cbb908b0 (9 bytes)
1691372856.825894 sending message 112 to peer 0x55e0cbb908b0 (15 bytes)
1691372856.825896 sending message 112 to peer 0x55e0cbb908b0 (13 bytes)
1691372856.825899 sending message 112 to peer 0x55e0cbb908b0 (12 bytes)
1691372856.825902 sending message 112 to peer 0x55e0cbb908b0 (8 bytes)
1691372856.825905 sending message 112 to peer 0x55e0cbb908b0 (14 bytes)
1691372856.825908 sending message 112 to peer 0x55e0cbb908b0 (11 bytes)
1691372856.825911 sending message 112 to peer 0x55e0cbb908b0 (9 bytes)
1691372856.825914 sending message 112 to peer 0x55e0cbb908b0 (10 bytes)
1691372856.825917 sending message 112 to peer 0x55e0cbb908b0 (10 bytes)
1691372856.825920 sending message 112 to peer 0x55e0cbb908b0 (10 bytes)
1691372856.825928 sending message 112 to peer 0x55e0cbb908b0 (10 bytes)
1691372856.825931 sending message 112 to peer 0x55e0cbb908b0 (11 bytes)
1691372856.825934 sending message 112 to peer 0x55e0cbb908b0 (12 bytes)
1691372856.825937 sending message 112 to peer 0x55e0cbb908b0 (12 bytes)
1691372856.825940 sending message 112 to peer 0x55e0cbb908b0 (12 bytes)
1691372856.825943 sending message 112 to peer 0x55e0cbb908b0 (12 bytes)
1691372856.825946 sending message 112 to peer 0x55e0cbb908b0 (12 bytes)
1691372856.825950 sending message 112 to peer 0x55e0cbb908b0 (11 bytes)
1691372856.825953 sending message 112 to peer 0x55e0cbb908b0 (11 bytes)
1691372856.825956 sending message 112 to peer 0x55e0cbb908b0 (12 bytes)
1691372856.825960 sending message 112 to peer 0x55e0cbb908b0 (12 bytes)
1691372856.825963 sending message 112 to peer 0x55e0cbb908b0 (12 bytes)
1691372856.825966 sending message 112 to peer 0x55e0cbb908b0 (12 bytes)
1691372856.825969 sending message 112 to peer 0x55e0cbb908b0 (12 bytes)
1691372856.825972 sending message 112 to peer 0x55e0cbb908b0 (9 bytes)
1691372856.825975 sending message 112 to peer 0x55e0cbb908b0 (12 bytes)
1691372856.825979 sending message 112 to peer 0x55e0cbb908b0 (13 bytes)
1691372856.825982 sending message 112 to peer 0x55e0cbb908b0 (13 bytes)
1691372856.825985 sending message 112 to peer 0x55e0cbb908b0 (13 bytes)
1691372856.825989 sending message 112 to peer 0x55e0cbb908b0 (13 bytes)
1691372856.825992 sending message 112 to peer 0x55e0cbb908b0 (13 bytes)
1691372856.825995 sending message 112 to peer 0x55e0cbb908b0 (8 bytes)
1691372856.825998 sending message 112 to peer 0x55e0cbb908b0 (11 bytes)
1691372856.826001 sending message 112 to peer 0x55e0cbb908b0 (11 bytes)
1691372856.826004 sending message 112 to peer 0x55e0cbb908b0 (11 bytes)
1691372856.826008 sending message 112 to peer 0x55e0cbb908b0 (12 bytes)
1691372856.826011 sending message 112 to peer 0x55e0cbb908b0 (12 bytes)
1691372856.826014 sending message 112 to peer 0x55e0cbb908b0 (12 bytes)
1691372856.826017 sending message 112 to peer 0x55e0cbb908b0 (12 bytes)
1691372856.826020 sending message 112 to peer 0x55e0cbb908b0 (13 bytes)
1691372856.826023 sending message 112 to peer 0x55e0cbb908b0 (13 bytes)
1691372856.826026 sending message 112 to peer 0x55e0cbb908b0 (13 bytes)
1691372856.826030 sending message 112 to peer 0x55e0cbb908b0 (8 bytes)
1691372856.826033 sending message 112 to peer 0x55e0cbb908b0 (13 bytes)
1691372856.826036 sending message 112 to peer 0x55e0cbb908b0 (13 bytes)
1691372856.826039 sending message 112 to peer 0x55e0cbb908b0 (13 bytes)
1691372856.826042 sending message 112 to peer 0x55e0cbb908b0 (13 bytes)
1691372856.826045 sending message 112 to peer 0x55e0cbb908b0 (13 bytes)
1691372856.826048 sending message 112 to peer 0x55e0cbb908b0 (12 bytes)
1691372856.826052 sending message 112 to peer 0x55e0cbb908b0 (12 bytes)
1691372856.826055 sending message 112 to peer 0x55e0cbb908b0 (12 bytes)
1691372856.826058 sending message 112 to peer 0x55e0cbb908b0 (12 bytes)
1691372856.826061 sending message 112 to peer 0x55e0cbb908b0 (13 bytes)
1691372856.826064 sending message 112 to peer 0x55e0cbb908b0 (8 bytes)
1691372856.826067 sending message 112 to peer 0x55e0cbb908b0 (13 bytes)
1691372856.826070 sending message 112 to peer 0x55e0cbb908b0 (13 bytes)
1691372856.826074 sending message 112 to peer 0x55e0cbb908b0 (13 bytes)
1691372856.826077 sending message 112 to peer 0x55e0cbb908b0 (13 bytes)
1691372856.826079 sending message 112 to peer 0x55e0cbb908b0 (13 bytes)
1691372856.826083 sending message 112 to peer 0x55e0cbb908b0 (13 bytes)
1691372856.826086 sending message 112 to peer 0x55e0cbb908b0 (13 bytes)
1691372856.826089 sending message 112 to peer 0x55e0cbb908b0 (12 bytes)
1691372856.826092 sending message 112 to peer 0x55e0cbb908b0 (12 bytes)
1691372856.826095 sending message 112 to peer 0x55e0cbb908b0 (12 bytes)
1691372856.826098 sending message 112 to peer 0x55e0cbb908b0 (8 bytes)
1691372856.826101 sending message 112 to peer 0x55e0cbb908b0 (12 bytes)
1691372856.826104 sending message 112 to peer 0x55e0cbb908b0 (13 bytes)
1691372856.826110 sending message 112 to peer 0x55e0cbb908b0 (13 bytes)
1691372856.826114 sending message 112 to peer 0x55e0cbb908b0 (13 bytes)
1691372856.826117 sending message 112 to peer 0x55e0cbb908b0 (13 bytes)
1691372856.826120 sending message 112 to peer 0x55e0cbb908b0 (13 bytes)
1691372856.826123 sending message 112 to peer 0x55e0cbb908b0 (13 bytes)
1691372856.826126 sending message 112 to peer 0x55e0cbb908b0 (13 bytes)
1691372856.826129 sending message 112 to peer 0x55e0cbb908b0 (13 bytes)
1691372856.826132 sending message 112 to peer 0x55e0cbb908b0 (12 bytes)
1691372856.826135 sending message 112 to peer 0x55e0cbb908b0 (10 bytes)
1691372856.826138 sending message 112 to peer 0x55e0cbb908b0 (12 bytes)
1691372856.826141 sending message 112 to peer 0x55e0cbb908b0 (12 bytes)
1691372856.826145 sending message 112 to peer 0x55e0cbb908b0 (12 bytes)
1691372856.826148 sending message 112 to peer 0x55e0cbb908b0 (13 bytes)
1691372856.826151 sending message 112 to peer 0x55e0cbb908b0 (13 bytes)
1691372856.826154 sending message 112 to peer 0x55e0cbb908b0 (13 bytes)
1691372856.826158 sending message 112 to peer 0x55e0cbb908b0 (13 bytes)
1691372856.826161 sending message 112 to peer 0x55e0cbb908b0 (13 bytes)
1691372856.826164 sending message 112 to peer 0x55e0cbb908b0 (13 bytes)
1691372856.826167 sending message 112 to peer 0x55e0cbb908b0 (13 bytes)
1691372856.826170 sending message 112 to peer 0x55e0cbb908b0 (10 bytes)
1691372856.826173 sending message 112 to peer 0x55e0cbb908b0 (13 bytes)
1691372856.826177 sending message 112 to peer 0x55e0cbb908b0 (12 bytes)
1691372856.826180 sending message 112 to peer 0x55e0cbb908b0 (12 bytes)
1691372856.826183 sending message 112 to peer 0x55e0cbb908b0 (12 bytes)
1691372856.826186 sending message 112 to peer 0x55e0cbb908b0 (10 bytes)
1691372856.826189 sending message 112 to peer 0x55e0cbb908b0 (10 bytes)
1691372856.826192 sending message 112 to peer 0x55e0cbb908b0 (10 bytes)
1691372856.826195 sending message 112 to peer 0x55e0cbb908b0 (12 bytes)
1691372856.826198 sending message 112 to peer 0x55e0cbb908b0 (13 bytes)
1691372856.826201 sending message 112 to peer 0x55e0cbb908b0 (13 bytes)
1691372856.826204 sending message 112 to peer 0x55e0cbb908b0 (13 bytes)
1691372856.826207 sending message 112 to peer 0x55e0cbb908b0 (13 bytes)
1691372856.826211 sending message 112 to peer 0x55e0cbb908b0 (13 bytes)
1691372856.826214 sending message 112 to peer 0x55e0cbb908b0 (10 bytes)
1691372856.826218 sending message 112 to peer 0x55e0cbb908b0 (11 bytes)
1691372856.826221 sending message 112 to peer 0x55e0cbb908b0 (12 bytes)
1691372856.826224 sending message 112 to peer 0x55e0cbb908b0 (12 bytes)
1691372856.826227 sending message 112 to peer 0x55e0cbb908b0 (12 bytes)
1691372856.826230 sending message 112 to peer 0x55e0cbb908b0 (12 bytes)
1691372856.826233 sending message 112 to peer 0x55e0cbb908b0 (12 bytes)
1691372856.826236 sending message 112 to peer 0x55e0cbb908b0 (11 bytes)
1691372856.826239 sending message 112 to peer 0x55e0cbb908b0 (12 bytes)
1691372856.826242 sending message 112 to peer 0x55e0cbb908b0 (12 bytes)
1691372856.826246 sending message 112 to peer 0x55e0cbb908b0 (13 bytes)
1691372856.826249 sending message 112 to peer 0x55e0cbb908b0 (13 bytes)
1691372856.826252 sending message 112 to peer 0x55e0cbb908b0 (13 bytes)
1691372856.826255 sending message 112 to peer 0x55e0cbb908b0 (13 bytes)
1691372856.826258 sending message 112 to peer 0x55e0cbb908b0 (13 bytes)
1691372856.826261 sending message 112 to peer 0x55e0cbb908b0 (10 bytes)
1691372856.826264 sending message 112 to peer 0x55e0cbb908b0 (9 bytes)
1691372856.826267 sending message 112 to peer 0x55e0cbb908b0 (12 bytes)
1691372856.826271 sending message 112 to peer 0x55e0cbb908b0 (13 bytes)
1691372856.826274 sending message 112 to peer 0x55e0cbb908b0 (13 bytes)
1691372856.826277 sending message 112 to peer 0x55e0cbb908b0 (13 bytes)
1691372856.826280 sending message 112 to peer 0x55e0cbb908b0 (13 bytes)
1691372856.826283 sending message 112 to peer 0x55e0cbb908b0 (13 bytes)
1691372856.826287 sending message 112 to peer 0x55e0cbb908b0 (9 bytes)
1691372856.826293 sending message 112 to peer 0x55e0cbb908b0 (12 bytes)
1691372856.826296 sending message 112 to peer 0x55e0cbb908b0 (13 bytes)
1691372856.826299 sending message 112 to peer 0x55e0cbb908b0 (13 bytes)
1691372856.826302 sending message 112 to peer 0x55e0cbb908b0 (13 bytes)
1691372856.826305 sending message 112 to peer 0x55e0cbb908b0 (13 bytes)
1691372856.826308 sending message 112 to peer 0x55e0cbb908b0 (13 bytes)
1691372856.826311 sending message 112 to peer 0x55e0cbb908b0 (11 bytes)
1691372856.826314 sending message 112 to peer 0x55e0cbb908b0 (12 bytes)
1691372856.826317 sending message 112 to peer 0x55e0cbb908b0 (13 bytes)
1691372856.826320 sending message 112 to peer 0x55e0cbb908b0 (13 bytes)
1691372856.826323 sending message 112 to peer 0x55e0cbb908b0 (13 bytes)
1691372856.826326 sending message 112 to peer 0x55e0cbb908b0 (13 bytes)
1691372856.826329 sending message 112 to peer 0x55e0cbb908b0 (13 bytes)
1691372856.826332 sending message 112 to peer 0x55e0cbb908b0 (11 bytes)
1691372856.826334 sending message 112 to peer 0x55e0cbb908b0 (12 bytes)
1691372856.826337 sending message 112 to peer 0x55e0cbb908b0 (12 bytes)
1691372856.826340 sending message 112 to peer 0x55e0cbb908b0 (12 bytes)
1691372856.826343 sending message 112 to peer 0x55e0cbb908b0 (12 bytes)
1691372856.826347 sending message 112 to peer 0x55e0cbb908b0 (12 bytes)
1691372856.826350 sending message 112 to peer 0x55e0cbb908b0 (21 bytes)
1691372856.826353 sending message 112 to peer 0x55e0cbb908b0 (12 bytes)
1691372856.826356 sending message 112 to peer 0x55e0cbb908b0 (9 bytes)
1691372856.826359 sending message 112 to peer 0x55e0cbb908b0 (6 bytes)
1691372856.826362 sending message 112 to peer 0x55e0cbb908b0 (13 bytes)
1691372856.826365 sending message 112 to peer 0x55e0cbb908b0 (10 bytes)
1691372856.826368 sending message 112 to peer 0x55e0cbb908b0 (24 bytes)
1691372856.826372 sending message 112 to peer 0x55e0cbb908b0 (13 bytes)
1691372856.826374 sending message 112 to peer 0x55e0cbb908b0 (9 bytes)
1691372856.826377 sending message 112 to peer 0x55e0cbb908b0 (70 bytes)
1691372856.826381 sending message 112 to peer 0x55e0cbb908b0 (69 bytes)
1691372856.826384 sending message 112 to peer 0x55e0cbb908b0 (12 bytes)
1691372856.826387 sending message 112 to peer 0x55e0cbb908b0 (10 bytes)
1691372856.826390 sending message 112 to peer 0x55e0cbb908b0 (10 bytes)
1691372856.826393 sending message 112 to peer 0x55e0cbb908b0 (24 bytes)
1691372856.826396 sending message 112 to peer 0x55e0cbb908b0 (13 bytes)
1691372856.826399 sending message 112 to peer 0x55e0cbb908b0 (10 bytes)
1691372856.826402 sending message 112 to peer 0x55e0cbb908b0 (10 bytes)
1691372856.826405 sending message 112 to peer 0x55e0cbb908b0 (10 bytes)
1691372856.826408 sending message 112 to peer 0x55e0cbb908b0 (13 bytes)
1691372856.826411 sending message 112 to peer 0x55e0cbb908b0 (15 bytes)
1691372856.826414 sending message 112 to peer 0x55e0cbb908b0 (5 bytes)
1691372856.826418 sending message 104 to peer 0x55e0cbb908b0 (0 bytes)
1691372856.826421 sending message 110 to peer 0x55e0cbb908b0 (0 bytes)
1691372856.826424 sending message 107 to peer 0x55e0cbb908b0 (4 bytes)
1691372856.826427 sending message 105 to peer 0x55e0cbb908b0 (41 bytes)
1691372856.826431 sending message 105 to peer 0x55e0cbb908b0 (13 bytes)
1691372856.826434 sending message 105 to peer 0x55e0cbb908b0 (38 bytes)
1691372856.826437 sending message 105 to peer 0x55e0cbb908b0 (19 bytes)
1691372856.826440 sending message 105 to peer 0x55e0cbb908b0 (26 bytes)
1691372856.826443 sending message 105 to peer 0x55e0cbb908b0 (33 bytes)
1691372856.826446 sending message 105 to peer 0x55e0cbb908b0 (42 bytes)
1691372856.826450 sending message 105 to peer 0x55e0cbb908b0 (41 bytes)
1691372856.826453 sending message 105 to peer 0x55e0cbb908b0 (57 bytes)
1691372856.826456 sending message 105 to peer 0x55e0cbb908b0 (35 bytes)
1691372856.826459 sending message 105 to peer 0x55e0cbb908b0 (28 bytes)
1691372856.826462 sending message 105 to peer 0x55e0cbb908b0 (14 bytes)
1691372856.826466 sending message 105 to peer 0x55e0cbb908b0 (8 bytes)
1691372856.826472 sending message 105 to peer 0x55e0cbb908b0 (18 bytes)
1691372856.826475 sending message 105 to peer 0x55e0cbb908b0 (44 bytes)
1691372856.826479 sending message 105 to peer 0x55e0cbb908b0 (42 bytes)
1691372856.826482 sending message 105 to peer 0x55e0cbb908b0 (13 bytes)
1691372856.826485 sending message 105 to peer 0x55e0cbb908b0 (26 bytes)
1691372856.826488 sending message 105 to peer 0x55e0cbb908b0 (33 bytes)
1691372856.826492 sending message 105 to peer 0x55e0cbb908b0 (57 bytes)
1691372856.826495 sending message 105 to peer 0x55e0cbb908b0 (23 bytes)
1691372856.826498 sending message 105 to peer 0x55e0cbb908b0 (39 bytes)
1691372856.826502 sending message 105 to peer 0x55e0cbb908b0 (8 bytes)
1691372856.826505 sending message 105 to peer 0x55e0cbb908b0 (26 bytes)
1691372856.826527 sending message 105 to peer 0x55e0cbb908b0 (44 bytes)
1691372856.826532 sending message 105 to peer 0x55e0cbb908b0 (36 bytes)
1691372856.826535 sending message 105 to peer 0x55e0cbb908b0 (30 bytes)
1691372856.826538 sending message 105 to peer 0x55e0cbb908b0 (45 bytes)
1691372856.826541 sending message 105 to peer 0x55e0cbb908b0 (20 bytes)
1691372856.826544 sending message 105 to peer 0x55e0cbb908b0 (48 bytes)
1691372856.826548 sending message 105 to peer 0x55e0cbb908b0 (30 bytes)
1691372856.826551 sending message 105 to peer 0x55e0cbb908b0 (34 bytes)
1691372856.826554 sending message 105 to peer 0x55e0cbb908b0 (67 bytes)
1691372856.826557 sending message 105 to peer 0x55e0cbb908b0 (52 bytes)
1691372856.826560 sending message 105 to peer 0x55e0cbb908b0 (13 bytes)
1691372856.826563 sending message 105 to peer 0x55e0cbb908b0 (16 bytes)
1691372856.826566 sending message 105 to peer 0x55e0cbb908b0 (21 bytes)
1691372856.826569 sending message 105 to peer 0x55e0cbb908b0 (32 bytes)
1691372856.826572 sending message 105 to peer 0x55e0cbb908b0 (42 bytes)
1691372856.826575 sending message 105 to peer 0x55e0cbb908b0 (28 bytes)
1691372856.826579 sending message 105 to peer 0x55e0cbb908b0 (48 bytes)
1691372856.826583 sending message 105 to peer 0x55e0cbb908b0 (41 bytes)
1691372856.826586 sending message 105 to peer 0x55e0cbb908b0 (33 bytes)
1691372856.826590 sending message 105 to peer 0x55e0cbb908b0 (3160 bytes)
1691372856.826605 sending message 105 to peer 0x55e0cbb908b0 (48 bytes)
1691372856.826610 sending message 105 to peer 0x55e0cbb908b0 (16 bytes)
1691372856.826615 sending message 105 to peer 0x55e0cbb908b0 (20 bytes)
1691372856.826618 sending message 105 to peer 0x55e0cbb908b0 (21 bytes)
1691372856.826621 sending message 105 to peer 0x55e0cbb908b0 (54 bytes)
1691372856.826624 sending message 105 to peer 0x55e0cbb908b0 (30 bytes)
1691372856.826628 sending message 105 to peer 0x55e0cbb908b0 (53 bytes)
1691372856.826631 sending message 105 to peer 0x55e0cbb908b0 (32 bytes)
1691372856.826634 sending message 105 to peer 0x55e0cbb908b0 (18 bytes)
1691372856.826637 sending message 105 to peer 0x55e0cbb908b0 (24 bytes)
1691372856.826640 sending message 105 to peer 0x55e0cbb908b0 (20 bytes)
1691372856.826643 sending message 105 to peer 0x55e0cbb908b0 (44 bytes)
1691372856.826646 sending message 105 to peer 0x55e0cbb908b0 (18 bytes)
1691372856.826649 sending message 105 to peer 0x55e0cbb908b0 (38 bytes)
1691372856.826652 sending message 105 to peer 0x55e0cbb908b0 (24 bytes)
1691372856.826656 sending message 105 to peer 0x55e0cbb908b0 (24 bytes)
1691372856.826659 sending message 105 to peer 0x55e0cbb908b0 (47 bytes)
1691372856.826662 sending message 105 to peer 0x55e0cbb908b0 (11 bytes)
1691372856.826666 sending message 105 to peer 0x55e0cbb908b0 (17 bytes)
1691372856.826669 sending message 105 to peer 0x55e0cbb908b0 (41 bytes)
1691372856.826672 sending message 105 to peer 0x55e0cbb908b0 (19 bytes)
1691372856.826675 sending message 105 to peer 0x55e0cbb908b0 (37 bytes)
1691372856.826678 sending message 105 to peer 0x55e0cbb908b0 (58 bytes)
1691372856.826681 sending message 105 to peer 0x55e0cbb908b0 (59 bytes)
1691372856.826685 sending message 105 to peer 0x55e0cbb908b0 (61 bytes)
1691372856.826689 sending message 105 to peer 0x55e0cbb908b0 (8928 bytes)
1691372856.826699 sending message 105 to peer 0x55e0cbb908b0 (12 bytes)
1691372856.826702 sending message 105 to peer 0x55e0cbb908b0 (35 bytes)
1691372856.826705 sending message 105 to peer 0x55e0cbb908b0 (47 bytes)
1691372856.826708 sending message 105 to peer 0x55e0cbb908b0 (35 bytes)
1691372856.826711 sending message 105 to peer 0x55e0cbb908b0 (16 bytes)
1691372856.826714 sending message 105 to peer 0x55e0cbb908b0 (44 bytes)
1691372856.826717 sending message 105 to peer 0x55e0cbb908b0 (50 bytes)
1691372856.826720 sending message 105 to peer 0x55e0cbb908b0 (21 bytes)
1691372856.826723 sending message 105 to peer 0x55e0cbb908b0 (50 bytes)
1691372856.826726 sending message 105 to peer 0x55e0cbb908b0 (26 bytes)
1691372856.826729 sending message 105 to peer 0x55e0cbb908b0 (31 bytes)
1691372856.826732 sending message 105 to peer 0x55e0cbb908b0 (33 bytes)
1691372856.826735 sending message 105 to peer 0x55e0cbb908b0 (30 bytes)
1691372856.826738 sending message 105 to peer 0x55e0cbb908b0 (18 bytes)
1691372856.826741 sending message 105 to peer 0x55e0cbb908b0 (17 bytes)
1691372856.826744 sending message 105 to peer 0x55e0cbb908b0 (12 bytes)
1691372856.826747 sending message 105 to peer 0x55e0cbb908b0 (23 bytes)
1691372856.826750 sending message 105 to peer 0x55e0cbb908b0 (53 bytes)
1691372856.826753 sending message 106 to peer 0x55e0cbb908b0 (0 bytes)
1691372856.826824 sending message 200 to peer 0x55e0cbb908b0 (4 bytes)
1691372856.826832 client loop enter
1691372856.831289 peer 0x55e0cbb908b0 message 207
1691372856.831344 sending message 208 to peer 0x55e0cbb908b0 (0 bytes)
1691372867.464051 peer 0x55e0cbb908b0 message 203
1691372867.464101 sending message 205 to peer 0x55e0cbb908b0 (0 bytes)
1691372867.464429 peer 0x55e0cbb908b0 message 204
1691372867.464466 client loop exit
