## for nvidia
deb http://deb.debian.org/debian/ trixie main contrib non-free non-free-firmware
[32m[OK](B[m nvidia-driver is already installed. Skipping...
[32m[OK](B[m firmware-misc-nonfree is already installed. Skipping...
[32m[OK](B[m nvidia-kernel-dkms is already installed. Skipping...
[32m[OK](B[m linux-headers-6.5.0-5-amd64 is already installed. Skipping...
[32m[OK](B[m libva-wayland2 is already installed. Skipping...
[32m[OK](B[m nvidia-vaapi-driver is already installed. Skipping...
[32m[OK](B[m build-essential is already installed. Skipping...
[32m[OK](B[m gcc-multilib is already installed. Skipping...
[32m[OK](B[m dkms is already installed. Skipping...
Generating grub configuration file ...
Found linux image: /boot/vmlinuz-6.5.0-5-amd64
Found initrd image: /boot/initrd.img-6.5.0-5-amd64
Found linux image: /boot/vmlinuz-6.1.0-13-amd64
Found initrd image: /boot/initrd.img-6.1.0-13-amd64
Warning: os-prober will not be executed to detect other bootable partitions.
Systems on them will not be added to the GRUB boot configuration.
Check GRUB_DISABLE_OS_PROBER documentation entry.
Adding boot menu entry for UEFI Firmware Settings ...
done
nvidia nvidia_modeset nvidia_uvm nvidia_drm is already present in /etc/initramfs-tools/modules.
update-initramfs: Generating /boot/initrd.img-6.5.0-5-amd64
